2022-09-26 17:13:16.921  INFO 5276 --- [restartedMain] T.TraineeEvaluationManagementApplication : Starting TraineeEvaluationManagementApplication using Java 18.0.1 on SSLTP11229 with PID 5276 (C:\Users\SSLTP11229\Documents\Trainee-Evaluation-Management-Application\target\classes started by SSLTP11229 in C:\Users\SSLTP11229\Documents\Trainee-Evaluation-Management-Application)
2022-09-26 17:13:16.933  INFO 5276 --- [restartedMain] T.TraineeEvaluationManagementApplication : No active profile set, falling back to 1 default profile: "default"
2022-09-26 17:13:17.074  INFO 5276 --- [restartedMain] .e.DevToolsPropertyDefaultsPostProcessor : Devtools property defaults active! Set 'spring.devtools.add-properties' to 'false' to disable
2022-09-26 17:13:17.075  INFO 5276 --- [restartedMain] .e.DevToolsPropertyDefaultsPostProcessor : For additional web related logging consider setting the 'logging.level.web' property to 'DEBUG'
2022-09-26 17:13:19.254  INFO 5276 --- [restartedMain] .s.d.r.c.RepositoryConfigurationDelegate : Bootstrapping Spring Data JPA repositories in DEFAULT mode.
2022-09-26 17:13:19.407  INFO 5276 --- [restartedMain] .s.d.r.c.RepositoryConfigurationDelegate : Finished Spring Data repository scanning in 135 ms. Found 8 JPA repository interfaces.
2022-09-26 17:13:20.750  INFO 5276 --- [restartedMain] o.s.b.w.embedded.tomcat.TomcatWebServer  : Tomcat initialized with port(s): 8083 (http)
2022-09-26 17:13:20.770  INFO 5276 --- [restartedMain] o.apache.catalina.core.StandardService   : Starting service [Tomcat]
2022-09-26 17:13:20.775  INFO 5276 --- [restartedMain] org.apache.catalina.core.StandardEngine  : Starting Servlet engine: [Apache Tomcat/9.0.65]
2022-09-26 17:13:20.912  INFO 5276 --- [restartedMain] o.a.c.c.C.[Tomcat].[localhost].[/]       : Initializing Spring embedded WebApplicationContext
2022-09-26 17:13:20.916  INFO 5276 --- [restartedMain] w.s.c.ServletWebServerApplicationContext : Root WebApplicationContext: initialization completed in 3838 ms
2022-09-26 17:13:21.522  INFO 5276 --- [restartedMain] o.hibernate.jpa.internal.util.LogHelper  : HHH000204: Processing PersistenceUnitInfo [name: default]
2022-09-26 17:13:21.708  INFO 5276 --- [restartedMain] org.hibernate.Version                    : HHH000412: Hibernate ORM core version 5.6.10.Final
2022-09-26 17:13:22.021  INFO 5276 --- [restartedMain] o.hibernate.annotations.common.Version   : HCANN000001: Hibernate Commons Annotations {5.1.2.Final}
2022-09-26 17:13:22.247  INFO 5276 --- [restartedMain] com.zaxxer.hikari.HikariDataSource       : HikariPool-1 - Starting...
2022-09-26 17:13:22.614  INFO 5276 --- [restartedMain] com.zaxxer.hikari.HikariDataSource       : HikariPool-1 - Start completed.
2022-09-26 17:13:22.685  INFO 5276 --- [restartedMain] org.hibernate.dialect.Dialect            : HHH000400: Using dialect: org.hibernate.dialect.PostgreSQL10Dialect
2022-09-26 17:13:24.082  INFO 5276 --- [restartedMain] o.h.e.t.j.p.i.JtaPlatformInitiator       : HHH000490: Using JtaPlatform implementation: [org.hibernate.engine.transaction.jta.platform.internal.NoJtaPlatform]
2022-09-26 17:13:24.098  INFO 5276 --- [restartedMain] j.LocalContainerEntityManagerFactoryBean : Initialized JPA EntityManagerFactory for persistence unit 'default'
2022-09-26 17:13:25.113  WARN 5276 --- [restartedMain] JpaBaseConfiguration$JpaWebConfiguration : spring.jpa.open-in-view is enabled by default. Therefore, database queries may be performed during view rendering. Explicitly configure spring.jpa.open-in-view to disable this warning
2022-09-26 17:13:26.183  INFO 5276 --- [restartedMain] o.s.b.d.a.OptionalLiveReloadServer       : LiveReload server is running on port 35729
2022-09-26 17:13:26.199  INFO 5276 --- [restartedMain] o.s.b.a.e.web.EndpointLinksResolver      : Exposing 14 endpoint(s) beneath base path '/actuator'
2022-09-26 17:13:26.300  INFO 5276 --- [restartedMain] o.s.b.w.embedded.tomcat.TomcatWebServer  : Tomcat started on port(s): 8083 (http) with context path ''
2022-09-26 17:13:26.327  INFO 5276 --- [restartedMain] T.TraineeEvaluationManagementApplication : Started TraineeEvaluationManagementApplication in 10.111 seconds (JVM running for 11.066)
2022-09-26 17:13:26.555  WARN 5276 --- [registrationTask1] d.c.b.a.c.r.ApplicationRegistrator       : Failed to register application as Application(name=TraineeEvaluationManagementApplication, managementUrl=http://SSLTP11229:8083/actuator, healthUrl=http://SSLTP11229:8083/actuator/health, serviceUrl=http://SSLTP11229:8083/) at spring-boot-admin ([http://localhost:8080/instances]): I/O error on POST request for "http://localhost:8080/instances": Connection refused: no further information; nested exception is java.net.ConnectException: Connection refused: no further information. Further attempts are logged on DEBUG level
2022-09-26 18:22:37.638  INFO 12624 --- [restartedMain] T.TraineeEvaluationManagementApplication : Starting TraineeEvaluationManagementApplication using Java 18.0.1 on SSLTP11229 with PID 12624 (C:\Users\SSLTP11229\Documents\Trainee-Evaluation-Management-Application\target\classes started by SSLTP11229 in C:\Users\SSLTP11229\Documents\Trainee-Evaluation-Management-Application)
2022-09-26 18:22:37.642  INFO 12624 --- [restartedMain] T.TraineeEvaluationManagementApplication : No active profile set, falling back to 1 default profile: "default"
2022-09-26 18:22:37.760  INFO 12624 --- [restartedMain] .e.DevToolsPropertyDefaultsPostProcessor : Devtools property defaults active! Set 'spring.devtools.add-properties' to 'false' to disable
2022-09-26 18:22:37.761  INFO 12624 --- [restartedMain] .e.DevToolsPropertyDefaultsPostProcessor : For additional web related logging consider setting the 'logging.level.web' property to 'DEBUG'
2022-09-26 18:22:40.014  INFO 12624 --- [restartedMain] .s.d.r.c.RepositoryConfigurationDelegate : Bootstrapping Spring Data JPA repositories in DEFAULT mode.
2022-09-26 18:22:40.156  INFO 12624 --- [restartedMain] .s.d.r.c.RepositoryConfigurationDelegate : Finished Spring Data repository scanning in 121 ms. Found 8 JPA repository interfaces.
2022-09-26 18:22:41.393  INFO 12624 --- [restartedMain] o.s.b.w.embedded.tomcat.TomcatWebServer  : Tomcat initialized with port(s): 8083 (http)
2022-09-26 18:22:41.417  INFO 12624 --- [restartedMain] o.apache.catalina.core.StandardService   : Starting service [Tomcat]
2022-09-26 18:22:41.419  INFO 12624 --- [restartedMain] org.apache.catalina.core.StandardEngine  : Starting Servlet engine: [Apache Tomcat/9.0.65]
2022-09-26 18:22:41.558  INFO 12624 --- [restartedMain] o.a.c.c.C.[Tomcat].[localhost].[/]       : Initializing Spring embedded WebApplicationContext
2022-09-26 18:22:41.559  INFO 12624 --- [restartedMain] w.s.c.ServletWebServerApplicationContext : Root WebApplicationContext: initialization completed in 3797 ms
2022-09-26 18:22:42.138  INFO 12624 --- [restartedMain] o.hibernate.jpa.internal.util.LogHelper  : HHH000204: Processing PersistenceUnitInfo [name: default]
2022-09-26 18:22:42.256  INFO 12624 --- [restartedMain] org.hibernate.Version                    : HHH000412: Hibernate ORM core version 5.6.10.Final
2022-09-26 18:22:42.579  INFO 12624 --- [restartedMain] o.hibernate.annotations.common.Version   : HCANN000001: Hibernate Commons Annotations {5.1.2.Final}
2022-09-26 18:22:42.792  INFO 12624 --- [restartedMain] com.zaxxer.hikari.HikariDataSource       : HikariPool-1 - Starting...
2022-09-26 18:22:43.121  INFO 12624 --- [restartedMain] com.zaxxer.hikari.HikariDataSource       : HikariPool-1 - Start completed.
2022-09-26 18:22:43.168  INFO 12624 --- [restartedMain] org.hibernate.dialect.Dialect            : HHH000400: Using dialect: org.hibernate.dialect.PostgreSQL10Dialect
2022-09-26 18:22:44.551  INFO 12624 --- [restartedMain] o.h.e.t.j.p.i.JtaPlatformInitiator       : HHH000490: Using JtaPlatform implementation: [org.hibernate.engine.transaction.jta.platform.internal.NoJtaPlatform]
2022-09-26 18:22:44.570  INFO 12624 --- [restartedMain] j.LocalContainerEntityManagerFactoryBean : Initialized JPA EntityManagerFactory for persistence unit 'default'
2022-09-26 18:22:45.379  WARN 12624 --- [restartedMain] JpaBaseConfiguration$JpaWebConfiguration : spring.jpa.open-in-view is enabled by default. Therefore, database queries may be performed during view rendering. Explicitly configure spring.jpa.open-in-view to disable this warning
2022-09-26 18:22:46.428  INFO 12624 --- [restartedMain] o.s.b.d.a.OptionalLiveReloadServer       : LiveReload server is running on port 35729
2022-09-26 18:22:46.442  INFO 12624 --- [restartedMain] o.s.b.a.e.web.EndpointLinksResolver      : Exposing 14 endpoint(s) beneath base path '/actuator'
2022-09-26 18:22:46.533  INFO 12624 --- [restartedMain] o.s.b.w.embedded.tomcat.TomcatWebServer  : Tomcat started on port(s): 8083 (http) with context path ''
2022-09-26 18:22:46.561  INFO 12624 --- [restartedMain] T.TraineeEvaluationManagementApplication : Started TraineeEvaluationManagementApplication in 9.616 seconds (JVM running for 10.679)
2022-09-26 18:22:48.166  WARN 12624 --- [registrationTask1] d.c.b.a.c.r.ApplicationRegistrator       : Failed to register application as Application(name=TraineeEvaluationManagementApplication, managementUrl=http://SSLTP11229:8083/actuator, healthUrl=http://SSLTP11229:8083/actuator/health, serviceUrl=http://SSLTP11229:8083/) at spring-boot-admin ([http://localhost:8080/instances]): 404 : "{"timestamp":"2022-09-26T12:52:47.750+00:00","status":404,"error":"Not Found","path":"/instances"}". Further attempts are logged on DEBUG level
